0 info it worked if it ends with ok
1 verbose cli [ 'C:\\Program Files\\nodejs\\node.exe',
1 verbose cli   'C:\\Program Files\\nodejs\\node_modules\\npm\\bin\\npm-cli.js',
1 verbose cli   'run',
1 verbose cli   'serve' ]
2 info using npm@3.10.10
3 info using node@v6.17.1
4 verbose run-script [ 'preserve', 'serve', 'postserve' ]
5 info lifecycle pratico@1.0.0~preserve: pratico@1.0.0
6 silly lifecycle pratico@1.0.0~preserve: no script for preserve, continuing
7 info lifecycle pratico@1.0.0~serve: pratico@1.0.0
8 verbose lifecycle pratico@1.0.0~serve: unsafe-perm in lifecycle true
9 verbose lifecycle pratico@1.0.0~serve: PATH: C:\Users\Jesse-Trulogic\AppData\Roaming\nvm\v6.17.1\node_modules\npm\bin\node-gyp-bin;D:\Github\cfashion-front\node_modules\.bin;C:\Program Files\PowerShell\7;C:\Program Files (x86)\Common Files\Oracle\Java\javapath;C:\WINDOWS\system32;C:\WINDOWS;C:\WINDOWS\System32\Wbem;C:\WINDOWS\System32\WindowsPowerShell\v1.0\;C:\WINDOWS\System32\OpenSSH\;C:\ProgramData\chocolatey\bin;C:\Program Files\Python27;C:\Program Files\apache-maven\bin;C:\Users\Jesse-Trulogic\AppData\Roaming\nvm;C:\Program Files\nodejs;C:\Program Files\Git\cmd;C:\Program Files\PuTTY\;C:\Program Files\PowerShell\7\;C:\Program Files\Docker\Docker\resources\bin;C:\ProgramData\DockerDesktop\version-bin;C:\Program Files\Git LFS;C:\Program Files\MySQL\MySQL Shell 8.0\bin\;C:\Users\Jesse-Trulogic\AppData\Local\Microsoft\WindowsApps;C:\Users\Jesse-Trulogic\AppData\Local\Programs\Microsoft VS Code\bin;C:\Program Files\JetBrains\IntelliJ IDEA Community Edition 2022.1\bin;;C:\Users\Jesse-Trulogic\AppData\Roaming\nvm;C:\Program Files\nodejs;
10 verbose lifecycle pratico@1.0.0~serve: CWD: D:\Github\cfashion-front
11 silly lifecycle pratico@1.0.0~serve: Args: [ '/d /s /c', 'vue-cli-service serve' ]
12 silly lifecycle pratico@1.0.0~serve: Returned: code: 1  signal: null
13 info lifecycle pratico@1.0.0~serve: Failed to exec serve script
14 verbose stack Error: pratico@1.0.0 serve: `vue-cli-service serve`
14 verbose stack Exit status 1
14 verbose stack     at EventEmitter.<anonymous> (C:\Users\Jesse-Trulogic\AppData\Roaming\nvm\v6.17.1\node_modules\npm\lib\utils\lifecycle.js:255:16)
14 verbose stack     at emitTwo (events.js:106:13)
14 verbose stack     at EventEmitter.emit (events.js:191:7)
14 verbose stack     at ChildProcess.<anonymous> (C:\Users\Jesse-Trulogic\AppData\Roaming\nvm\v6.17.1\node_modules\npm\lib\utils\spawn.js:40:14)
14 verbose stack     at emitTwo (events.js:106:13)
14 verbose stack     at ChildProcess.emit (events.js:191:7)
14 verbose stack     at maybeClose (internal/child_process.js:920:16)
14 verbose stack     at Process.ChildProcess._handle.onexit (internal/child_process.js:230:5)
15 verbose pkgid pratico@1.0.0
16 verbose cwd D:\Github\cfashion-front
17 error Windows_NT 10.0.22621
18 error argv "C:\\Program Files\\nodejs\\node.exe" "C:\\Program Files\\nodejs\\node_modules\\npm\\bin\\npm-cli.js" "run" "serve"
19 error node v6.17.1
20 error npm  v3.10.10
21 error code ELIFECYCLE
22 error pratico@1.0.0 serve: `vue-cli-service serve`
22 error Exit status 1
23 error Failed at the pratico@1.0.0 serve script 'vue-cli-service serve'.
23 error Make sure you have the latest version of node.js and npm installed.
23 error If you do, this is most likely a problem with the pratico package,
23 error not with npm itself.
23 error Tell the author that this fails on your system:
23 error     vue-cli-service serve
23 error You can get information on how to open an issue for this project with:
23 error     npm bugs pratico
23 error Or if that isn't available, you can get their info via:
23 error     npm owner ls pratico
23 error There is likely additional logging output above.
24 verbose exit [ 1, true ]
