Arguments: 
  C:\Program Files\nodejs\node.exe C:\Program Files\nodejs\node_modules\yarn\bin\yarn.js install

PATH: 
  C:\Users\Jesse-Trulogic\bin;C:\Program Files\Git\mingw64\bin;C:\Program Files\Git\usr\local\bin;C:\Program Files\Git\usr\bin;C:\Program Files\Git\usr\bin;C:\Program Files\Git\mingw64\bin;C:\Program Files\Git\usr\bin;C:\Users\Jesse-Trulogic\bin;C:\Program Files (x86)\Common Files\Oracle\Java\javapath;C:\WINDOWS\system32;C:\WINDOWS;C:\WINDOWS\System32\Wbem;C:\WINDOWS\System32\WindowsPowerShell\v1.0;C:\WINDOWS\System32\OpenSSH;C:\ProgramData\chocolatey\bin;C:\Program Files\Python27;C:\Program Files\apache-maven\bin;%NVM_HOME%;%NVM_SYMLINK%;C:\Program Files\Git\cmd;C:\Program Files\Docker\Docker\resources\bin;C:\ProgramData\DockerDesktop\version-bin;C:\Users\Jesse-Trulogic\AppData\Local\Microsoft\WindowsApps;C:\Users\Jesse-Trulogic\AppData\Local\Programs\Microsoft VS Code\bin;C:\Program Files\JetBrains\IntelliJ IDEA Community Edition 2021.2.2\bin;C:\Users\Jesse-Trulogic\AppData\Roaming\nvm;C:\Program Files\nodejs;C:\Program Files\Git\usr\bin\vendor_perl;C:\Program Files\Git\usr\bin\core_perl

Yarn version: 
  1.22.17

Node version: 
  14.18.3

Platform: 
  win32 x64

Trace: 
  Error: EPERM: operation not permitted, unlink 'D:\github\pratico-front\node_modules\node-sass\vendor\win32-x64-64\binding.node'

npm manifest: 
  {
    "name": "pratico",
    "version": "1.0.0",
    "private": true,
    "scripts": {
      "serve-https": "vue-cli-service serve --https",
      "serve": "vue-cli-service serve",
      "build": "vue-cli-service build",
      "lint": "vue-cli-service lint",
      "dev": "npm run serve"
    },
    "dependencies": {
      "@babel/core": "^7.0.0",
      "apexcharts": "^3.26.1",
      "babel-runtime": "^6.26.0",
      "chartist": "0.11.0",
      "jsonwebtoken": "^8.5.1",
      "jsrsasign": "^9.1.9",
      "jsrsasign-util": "^1.0.0",
      "node-sass": "4.9.3",
      "register-service-worker": "^1.7.1",
      "s": "^1.0.0",
      "sass-loader": "7.1.0",
      "v-currency-field": "^3.0.6",
      "v-money": "^0.8.1",
      "vee-validate": "2.1.7",
      "vue": "2.5.22",
      "vue-apexcharts": "^1.5.1",
      "vue-chartist": "2.1.2",
      "vue-html-to-paper": "^1.3.0",
      "vue-meta": "^1.5.2",
      "vue-moment": "^4.0.0",
      "vue-sse": "^1.0.2",
      "vue-the-mask": "^0.11.1",
      "vuetify": "1.4.3",
      "vuetify-image-input": "19.2.2",
      "web-pki": "^2.14.3",
      "xml-crypto": "^1.5.3"
    },
    "devDependencies": {
      "@mdi/font": "^5.5.55",
      "@vue/cli-plugin-babel": "3.0.1",
      "@vue/cli-plugin-eslint": "3.0.1",
      "@vue/cli-plugin-pwa": "^4.5.9",
      "@vue/cli-service": "3.0.1",
      "@vue/eslint-config-standard": "3.0.1",
      "axios": "0.17.1",
      "eslint": "^7.31.0",
      "eslint-config-prettier": "^8.3.0",
      "eslint-plugin-prettier": "^4.0.0",
      "eslint-plugin-vue": "^7.14.0",
      "material-design-icons-iconfont": "3.0.3",
      "prettier": "^2.5.1",
      "stylus": "0.54.5",
      "stylus-loader": "3.0.1",
      "vue-analytics": "5.8.0",
      "vue-i18n": "^7.4.0",
      "vue-router": "3.0.1",
      "vue-template-compiler": "2.5.22",
      "vuex": "3.0.1",
      "vuex-router-sync": "5.0.0"
    }
  }

yarn manifest: 
  No manifest

Lockfile: 
  No lockfile
